<?xml version="1.0" encoding="utf-8"?><testsuites name="pytest tests"><testsuite name="pytest" errors="0" failures="0" skipped="0" tests="9" time="5.936" timestamp="2026-05-01T17:31:08.384130+00:00" hostname="agent-env-d8aead7b-4e7a-420a-b43c-49d6b4f27c10"><testcase classname="backend.tests.test_billbuster.TestBasics" name="test_root" time="0.164" /><testcase classname="backend.tests.test_billbuster.TestBasics" name="test_hsn" time="0.054" /><testcase classname="backend.tests.test_billbuster.TestBasics" name="test_monthly_report_shape" time="0.068" /><testcase classname="backend.tests.test_billbuster.TestScan" name="test_scan_rejects_tiny_payload" time="0.054" /><testcase classname="backend.tests.test_billbuster.TestScan" name="test_scan_happy_path_and_validation" time="2.640" /><testcase classname="backend.tests.test_billbuster.TestScan" name="test_scans_list_no_id_leak" time="0.051" /><testcase classname="backend.tests.test_billbuster.TestScan" name="test_monthly_report_after_scan" time="0.050" /><testcase classname="backend.tests.test_billbuster.TestScan" name="test_delete_scans" time="0.101" /><testcase classname="backend.tests.test_billbuster.TestChat" name="test_chat_and_history" time="2.581" /></testsuite></testsuites>